<?xml version="1.0" encoding="UTF-8"?>
<testng-results ignored="0" total="2" passed="2" failed="0" skipped="0">
  <reporter-output>
  </reporter-output>
  <suite started-at="2024-09-22T21:19:29 IST" name="InitBankingV1" finished-at="2024-09-22T21:21:06 IST" duration-ms="97123">
    <groups>
    </groups>
    <test started-at="2024-09-22T21:19:29 IST" name="BankingApp Test" finished-at="2024-09-22T21:21:06 IST" duration-ms="97123">
      <class name="com.initbanking.testCases.TC_LoginTest_001">
        <test-method is-config="true" signature="setup()[pri:0, instance:com.initbanking.testCases.TC_LoginTest_001@7f010382]" started-at="2024-09-22T21:19:31 IST" name="setup" finished-at="2024-09-22T21:20:10 IST" duration-ms="38777" status="PASS">
          <reporter-output>
          </reporter-output>
        </test-method> <!-- setup -->
        <test-method signature="loginTest()[pri:0, instance:com.initbanking.testCases.TC_LoginTest_001@7f010382]" started-at="2024-09-22T21:20:10 IST" name="loginTest" finished-at="2024-09-22T21:20:15 IST" duration-ms="4697" status="PASS">
          <reporter-output>
          </reporter-output>
        </test-method> <!-- loginTest -->
        <test-method is-config="true" signature="tearDown()[pri:0, instance:com.initbanking.testCases.TC_LoginTest_001@7f010382]" started-at="2024-09-22T21:20:15 IST" name="tearDown" finished-at="2024-09-22T21:20:17 IST" duration-ms="1736" status="PASS">
          <reporter-output>
          </reporter-output>
        </test-method> <!-- tearDown -->
      </class> <!-- com.initbanking.testCases.TC_LoginTest_001 -->
      <class name="com.initbanking.testCases.TC_AddCustomerTest_003">
        <test-method is-config="true" signature="setup()[pri:0, instance:com.initbanking.testCases.TC_AddCustomerTest_003@96def03]" started-at="2024-09-22T21:20:17 IST" name="setup" finished-at="2024-09-22T21:20:35 IST" duration-ms="18665" status="PASS">
          <reporter-output>
          </reporter-output>
        </test-method> <!-- setup -->
        <test-method signature="addNewCustomer()[pri:0, instance:com.initbanking.testCases.TC_AddCustomerTest_003@96def03]" started-at="2024-09-22T21:20:35 IST" name="addNewCustomer" finished-at="2024-09-22T21:21:04 IST" duration-ms="28772" status="PASS">
          <reporter-output>
          </reporter-output>
        </test-method> <!-- addNewCustomer -->
        <test-method is-config="true" signature="tearDown()[pri:0, instance:com.initbanking.testCases.TC_AddCustomerTest_003@96def03]" started-at="2024-09-22T21:21:04 IST" name="tearDown" finished-at="2024-09-22T21:21:06 IST" duration-ms="2196" status="PASS">
          <reporter-output>
          </reporter-output>
        </test-method> <!-- tearDown -->
      </class> <!-- com.initbanking.testCases.TC_AddCustomerTest_003 -->
    </test> <!-- BankingApp Test -->
  </suite> <!-- InitBankingV1 -->
</testng-results>
