<?xml version="1.0" encoding="UTF-8"?>
<testng-results ignored="0" total="2" passed="2" failed="0" skipped="0">
  <reporter-output>
  </reporter-output>
  <suite started-at="2024-09-20T13:08:24 IST" name="InitBankingV1" finished-at="2024-09-20T13:09:26 IST" duration-ms="61661">
    <groups>
    </groups>
    <test started-at="2024-09-20T13:08:24 IST" name="BankingApp Test" finished-at="2024-09-20T13:09:26 IST" duration-ms="61661">
      <class name="com.initbanking.testCases.TC_LoginTest_001">
        <test-method is-config="true" signature="setup()[pri:0, instance:com.initbanking.testCases.TC_LoginTest_001@235834f2]" started-at="2024-09-20T13:08:26 IST" name="setup" finished-at="2024-09-20T13:08:43 IST" duration-ms="17206" status="PASS">
          <reporter-output>
          </reporter-output>
        </test-method> <!-- setup -->
        <test-method signature="loginTest()[pri:0, instance:com.initbanking.testCases.TC_LoginTest_001@235834f2]" started-at="2024-09-20T13:08:43 IST" name="loginTest" finished-at="2024-09-20T13:08:47 IST" duration-ms="4340" status="PASS">
          <reporter-output>
          </reporter-output>
        </test-method> <!-- loginTest -->
        <test-method is-config="true" signature="tearDown()[pri:0, instance:com.initbanking.testCases.TC_LoginTest_001@235834f2]" started-at="2024-09-20T13:08:48 IST" name="tearDown" finished-at="2024-09-20T13:08:49 IST" duration-ms="1412" status="PASS">
          <reporter-output>
          </reporter-output>
        </test-method> <!-- tearDown -->
      </class> <!-- com.initbanking.testCases.TC_LoginTest_001 -->
      <class name="com.initbanking.testCases.TC_AddCustomerTest_003">
        <test-method is-config="true" signature="setup()[pri:0, instance:com.initbanking.testCases.TC_AddCustomerTest_003@4802796d]" started-at="2024-09-20T13:08:49 IST" name="setup" finished-at="2024-09-20T13:08:59 IST" duration-ms="9892" status="PASS">
          <reporter-output>
          </reporter-output>
        </test-method> <!-- setup -->
        <test-method signature="addNewCustomer()[pri:0, instance:com.initbanking.testCases.TC_AddCustomerTest_003@4802796d]" started-at="2024-09-20T13:08:59 IST" name="addNewCustomer" finished-at="2024-09-20T13:09:24 IST" duration-ms="25296" status="PASS">
          <reporter-output>
          </reporter-output>
        </test-method> <!-- addNewCustomer -->
        <test-method is-config="true" signature="tearDown()[pri:0, instance:com.initbanking.testCases.TC_AddCustomerTest_003@4802796d]" started-at="2024-09-20T13:09:24 IST" name="tearDown" finished-at="2024-09-20T13:09:26 IST" duration-ms="1554" status="PASS">
          <reporter-output>
          </reporter-output>
        </test-method> <!-- tearDown -->
      </class> <!-- com.initbanking.testCases.TC_AddCustomerTest_003 -->
    </test> <!-- BankingApp Test -->
  </suite> <!-- InitBankingV1 -->
</testng-results>
